<?xml version="1.0" encoding="UTF-8" ?>
<testsuite tests="5" failures="0" name="com.GalaxyBackend.test.SupplierDaoTest" time="0.468" errors="0" skipped="4">
  <properties>
    <property name="java.runtime.name" value="Java(TM) SE Runtime Environment"/>
    <property name="sun.boot.library.path" value="C:\Program Files\Java\jdk1.8.0_161\jre\bin"/>
    <property name="java.vm.version" value="25.161-b12"/>
    <property name="java.vm.vendor" value="Oracle Corporation"/>
    <property name="maven.multiModuleProjectDirectory" value="C:\Users\Mansi Gupta\eclipse-workspace\GalaxyBackend"/>
    <property name="java.vendor.url" value="http://java.oracle.com/"/>
    <property name="path.separator" value=";"/>
    <property name="guice.disable.misplaced.annotation.check" value="true"/>
    <property name="java.vm.name" value="Java HotSpot(TM) 64-Bit Server VM"/>
    <property name="file.encoding.pkg" value="sun.io"/>
    <property name="user.script" value=""/>
    <property name="user.country" value="IN"/>
    <property name="sun.java.launcher" value="SUN_STANDARD"/>
    <property name="sun.os.patch.level" value=""/>
    <property name="java.vm.specification.name" value="Java Virtual Machine Specification"/>
    <property name="user.dir" value="C:\Users\Mansi Gupta\eclipse-workspace\GalaxyBackend"/>
    <property name="java.runtime.version" value="1.8.0_161-b12"/>
    <property name="java.awt.graphicsenv" value="sun.awt.Win32GraphicsEnvironment"/>
    <property name="java.endorsed.dirs" value="C:\Program Files\Java\jdk1.8.0_161\jre\lib\endorsed"/>
    <property name="os.arch" value="amd64"/>
    <property name="java.io.tmpdir" value="C:\Users\MANSIG~1\AppData\Local\Temp\"/>
    <property name="line.separator" value="
"/>
    <property name="java.vm.specification.vendor" value="Oracle Corporation"/>
    <property name="user.variant" value=""/>
    <property name="os.name" value="Windows 10"/>
    <property name="classworlds.conf" value="C:\Users\Mansi Gupta\eclipse-workspace\.metadata\.plugins\org.eclipse.m2e.launching\launches\m2conf3402214294873574543.tmp"/>
    <property name="sun.jnu.encoding" value="Cp1252"/>
    <property name="java.library.path" value="C:\Program Files\Java\jdk1.8.0_161\bin;C:\WINDOWS\Sun\Java\bin;C:\WINDOWS\system32;C:\WINDOWS;C:/Program Files/Java/jre1.8.0_161/bin/server;C:/Program Files/Java/jre1.8.0_161/bin;C:/Program Files/Java/jre1.8.0_161/lib/amd64;C:\ProgramData\Oracle\Java\javapath;C:\WINDOWS\system32;C:\WINDOWS;C:\WINDOWS\System32\Wbem;C:\WINDOWS\System32\WindowsPowerShell\v1.0\;C:\Users\Mansi Gupta\Downloads\apache-maven-3.5.3-bin\apache-maven-3.5.3\bin;;C:\WINDOWS\System32\OpenSSH\;C:\Users\Mansi Gupta\AppData\Local\Microsoft\WindowsApps;;C:\Users\Mansi Gupta\Downloads\eclipse-jee-oxygen-2-win32-x86_64\eclipse;;."/>
    <property name="java.specification.name" value="Java Platform API Specification"/>
    <property name="java.class.version" value="52.0"/>
    <property name="sun.management.compiler" value="HotSpot 64-Bit Tiered Compilers"/>
    <property name="os.version" value="10.0"/>
    <property name="user.home" value="C:\Users\Mansi Gupta"/>
    <property name="user.timezone" value="Asia/Calcutta"/>
    <property name="java.awt.printerjob" value="sun.awt.windows.WPrinterJob"/>
    <property name="java.specification.version" value="1.8"/>
    <property name="file.encoding" value="Cp1252"/>
    <property name="user.name" value="Mansi Gupta"/>
    <property name="java.class.path" value="C:\Users\Mansi Gupta\Downloads\eclipse-jee-oxygen-2-win32-x86_64\eclipse\plugins\org.eclipse.m2e.maven.runtime_1.8.2.20171007-0216\jars\plexus-classworlds-2.5.2.jar"/>
    <property name="java.vm.specification.version" value="1.8"/>
    <property name="sun.arch.data.model" value="64"/>
    <property name="java.home" value="C:\Program Files\Java\jdk1.8.0_161\jre"/>
    <property name="sun.java.command" value="org.codehaus.plexus.classworlds.launcher.Launcher -B clean install"/>
    <property name="java.specification.vendor" value="Oracle Corporation"/>
    <property name="user.language" value="en"/>
    <property name="awt.toolkit" value="sun.awt.windows.WToolkit"/>
    <property name="java.vm.info" value="mixed mode"/>
    <property name="java.version" value="1.8.0_161"/>
    <property name="java.ext.dirs" value="C:\Program Files\Java\jdk1.8.0_161\jre\lib\ext;C:\WINDOWS\Sun\Java\lib\ext"/>
    <property name="sun.boot.class.path" value="C:\Program Files\Java\jdk1.8.0_161\jre\lib\resources.jar;C:\Program Files\Java\jdk1.8.0_161\jre\lib\rt.jar;C:\Program Files\Java\jdk1.8.0_161\jre\lib\sunrsasign.jar;C:\Program Files\Java\jdk1.8.0_161\jre\lib\jsse.jar;C:\Program Files\Java\jdk1.8.0_161\jre\lib\jce.jar;C:\Program Files\Java\jdk1.8.0_161\jre\lib\charsets.jar;C:\Program Files\Java\jdk1.8.0_161\jre\lib\jfr.jar;C:\Program Files\Java\jdk1.8.0_161\jre\classes"/>
    <property name="java.vendor" value="Oracle Corporation"/>
    <property name="maven.home" value="C:\Users\Mansi Gupta\eclipse-workspace\GalaxyBackend\EMBEDDED"/>
    <property name="file.separator" value="\"/>
    <property name="java.vendor.url.bug" value="http://bugreport.sun.com/bugreport/"/>
    <property name="sun.cpu.endian" value="little"/>
    <property name="sun.io.unicode.encoding" value="UnicodeLittle"/>
    <property name="sun.desktop" value="windows"/>
    <property name="sun.cpu.isalist" value="amd64"/>
  </properties>
  <testcase classname="com.GalaxyBackend.test.SupplierDaoTest" name="testUpdateSupplier" time="0.109">
    <skipped/>
    <system-out>Hibernate: 
    
    drop table Category if exists
Hibernate: 
    
    drop table Product if exists
Hibernate: 
    
    drop table Supplier if exists
Hibernate: 
    
    drop table User if exists
Hibernate: 
    
    drop sequence if exists hibernate_sequence
Hibernate: create sequence hibernate_sequence start with 1 increment by 1
Hibernate: 
    
    create table Category (
       categoryId integer not null,
        categoryDesc varchar(255),
        categoryName varchar(255),
        primary key (categoryId)
    )
Hibernate: 
    
    create table Product (
       productId integer not null,
        categoryId integer not null,
        colour varchar(255),
        productDescription varchar(255),
        productName varchar(255),
        productPrice double not null,
        size integer not null,
        stock integer not null,
        supplierId integer not null,
        primary key (productId)
    )
Hibernate: 
    
    create table Supplier (
       supplier_Id integer not null,
        aadhar_No varchar(255),
        email varchar(255),
        gstin_No varchar(255),
        mobile varchar(255),
        pan_No varchar(255),
        quantity integer not null,
        supplier_Company_Name varchar(255),
        supplier_Name varchar(255),
        primary key (supplier_Id)
    )
Hibernate: 
    
    create table User (
       userId integer not null,
        userEmail varchar(255),
        userName varchar(255),
        userPassword varchar(255),
        userPhoneNumber varchar(255),
        primary key (userId)
    )
</system-out>
    <system-err>Jul 14, 2018 10:30:41 PM org.springframework.context.support.AbstractApplicationContext prepareRefresh
INFO: Refreshing org.springframework.context.annotation.AnnotationConfigApplicationContext@64e1dd11: startup date [Sat Jul 14 22:30:41 IST 2018]; root of context hierarchy
Jul 14, 2018 10:30:41 PM org.springframework.jdbc.datasource.DriverManagerDataSource setDriverClassName
INFO: Loaded JDBC driver: org.h2.Driver
Jul 14, 2018 10:30:41 PM org.hibernate.dialect.Dialect &lt;init&gt;
INFO: HHH000400: Using dialect: org.hibernate.dialect.H2Dialect
Jul 14, 2018 10:30:41 PM org.hibernate.tool.schema.internal.SchemaCreatorImpl applyImportSources
INFO: HHH000476: Executing import script &apos;org.hibernate.tool.schema.internal.exec.ScriptSourceInputNonExistentImpl@49bd54f7&apos;
Jul 14, 2018 10:30:41 PM org.springframework.orm.hibernate5.HibernateTransactionManager afterPropertiesSet
INFO: Using DataSource [org.springframework.jdbc.datasource.DriverManagerDataSource@2e3a5237] of Hibernate SessionFactory for HibernateTransactionManager
</system-err>
  </testcase>
  <testcase classname="com.GalaxyBackend.test.SupplierDaoTest" name="testGetSupplierById" time="0.109">
    <skipped/>
  </testcase>
  <testcase classname="com.GalaxyBackend.test.SupplierDaoTest" name="testDeleteSupplier" time="0.109">
    <skipped/>
  </testcase>
  <testcase classname="com.GalaxyBackend.test.SupplierDaoTest" name="testListSupplier" time="0.111">
    <skipped/>
  </testcase>
  <testcase classname="com.GalaxyBackend.test.SupplierDaoTest" name="testAddSupplier" time="0.03"/>
</testsuite>